[25-Sep-2017 12:34:30 UTC] PHP Parse error:  syntax error, unexpected ')' in /home/ubuntu/workspace/client/posts.php on line 4
[25-Sep-2017 13:51:52 UTC] PHP Fatal error:  Uncaught exception 'PDOException' with message 'SQLSTATE[42S02]: Base table or view not found: 1146 Table 'c9.Posts' doesn't exist' in /home/ubuntu/workspace/client/feed.php:18
Stack trace:
#0 /home/ubuntu/workspace/client/feed.php(18): PDOStatement->execute()
#1 {main}
  thrown in /home/ubuntu/workspace/client/feed.php on line 18
[25-Sep-2017 15:04:44 UTC] PHP Fatal error:  Uncaught exception 'PDOException' with message 'SQLSTATE[23000]: Integrity constraint violation: 1052 Column 'userName' in field list is ambiguous' in /home/ubuntu/workspace/client/feed.php:25
Stack trace:
#0 /home/ubuntu/workspace/client/feed.php(25): PDOStatement->execute()
#1 {main}
  thrown in /home/ubuntu/workspace/client/feed.php on line 25
[25-Sep-2017 15:04:59 UTC] PHP Fatal error:  Uncaught exception 'PDOException' with message 'SQLSTATE[23000]: Integrity constraint violation: 1052 Column 'userName' in field list is ambiguous' in /home/ubuntu/workspace/client/feed.php:25
Stack trace:
#0 /home/ubuntu/workspace/client/feed.php(25): PDOStatement->execute()
#1 {main}
  thrown in /home/ubuntu/workspace/client/feed.php on line 25
[26-Sep-2017 12:53:26 UTC] PHP Fatal error:  Uncaught exception 'PDOException' with message 'SQLSTATE[42S22]: Column not found: 1054 Unknown column 'tags' in 'field list'' in /home/ubuntu/workspace/client/feed.php:28
Stack trace:
#0 /home/ubuntu/workspace/client/feed.php(28): PDOStatement->execute()
#1 {main}
  thrown in /home/ubuntu/workspace/client/feed.php on line 28
[26-Sep-2017 15:54:52 UTC] PHP Fatal error:  Call to a member function prepare() on a non-object in /home/ubuntu/workspace/client/upload.php on line 52
[26-Sep-2017 15:54:52 UTC] PHP Stack trace:
[26-Sep-2017 15:54:52 UTC] PHP   1. {main}() /home/ubuntu/workspace/client/upload.php:0
[26-Sep-2017 17:45:14 UTC] PHP Parse error:  syntax error, unexpected 'try' (T_TRY) in /home/ubuntu/workspace/client/feed.php on line 11
[26-Sep-2017 17:45:15 UTC] PHP Parse error:  syntax error, unexpected 'try' (T_TRY) in /home/ubuntu/workspace/client/feed.php on line 11
